SF:lib\main.dart
DA:4,0
DA:5,0
DA:9,2
DA:12,1
DA:14,1
DA:16,1
DA:17,1
DA:22,1
DA:23,1
DA:24,0
DA:31,1
DA:35,1
DA:36,1
DA:40,1
DA:42,1
DA:43,1
DA:48,1
DA:49,2
DA:56,1
DA:57,1
DA:59,1
DA:66,1
DA:69,1
DA:71,1
DA:80,1
DA:81,1
DA:83,3
DA:85,1
DA:102,1
DA:103,1
DA:104,1
DA:106,1
DA:110,3
DA:112,1
DA:113,1
LF:35
LH:32
end_of_record
SF:lib\Widgets\dashboard.dart
DA:8,2
DA:9,2
DA:11,2
DA:21,2
DA:23,2
DA:24,2
DA:25,4
DA:26,5
DA:27,1
DA:28,1
DA:31,3
DA:32,1
DA:33,1
DA:34,2
DA:36,3
DA:37,1
DA:38,2
DA:40,1
DA:42,3
DA:43,3
DA:45,2
DA:46,2
DA:52,4
DA:53,8
DA:54,2
DA:55,2
DA:56,1
DA:62,1
DA:64,1
DA:65,2
DA:66,1
DA:69,2
DA:71,2
DA:72,2
DA:85,2
DA:86,2
DA:87,4
DA:88,1
DA:89,3
DA:90,2
DA:91,1
DA:92,1
DA:93,1
DA:94,1
DA:95,0
DA:96,0
DA:97,0
DA:98,0
DA:99,0
DA:100,0
DA:101,0
DA:109,0
DA:110,0
DA:112,0
DA:120,0
DA:121,0
DA:122,0
DA:124,0
LF:58
LH:44
end_of_record
SF:lib\Services\websocketchannel_service.dart
DA:9,2
DA:10,1
DA:11,1
DA:21,1
DA:22,2
DA:23,1
DA:26,2
DA:41,1
DA:43,3
DA:45,1
DA:46,2
DA:47,1
DA:52,4
DA:56,1
DA:57,2
DA:60,0
DA:61,0
DA:62,0
DA:66,1
DA:67,3
DA:68,0
DA:69,0
DA:70,0
DA:72,0
DA:73,0
DA:76,1
DA:77,2
DA:83,1
DA:84,3
LF:29
LH:21
end_of_record
SF:lib\TestUtils\fake_websocket_service.dart
DA:12,2
DA:13,1
DA:16,1
DA:17,4
DA:18,2
DA:19,1
DA:22,2
DA:25,1
DA:27,2
DA:30,1
DA:35,1
DA:36,2
DA:39,1
DA:40,2
DA:42,0
DA:44,0
DA:45,0
LF:17
LH:14
end_of_record
SF:lib\Widgets\devise_card.dart
DA:4,1
DA:5,3
DA:6,3
DA:17,1
DA:25,1
DA:27,1
DA:28,1
DA:29,1
DA:32,1
DA:34,1
DA:35,2
DA:40,2
DA:41,4
DA:42,1
DA:43,3
DA:44,1
DA:45,2
LF:17
LH:17
end_of_record
SF:lib\Widgets\devise_detail_page.dart
DA:9,0
DA:16,0
DA:18,0
DA:19,0
DA:24,0
DA:25,0
DA:31,0
DA:32,0
DA:34,0
DA:35,0
DA:36,0
DA:41,0
DA:42,0
DA:49,0
DA:51,0
DA:52,0
DA:53,0
DA:54,0
LF:18
LH:0
end_of_record
SF:lib\utils\devise_icon.dart
DA:4,1
DA:6,2
DA:8,0
DA:10,0
DA:12,0
DA:14,0
DA:16,0
DA:18,0
DA:20,0
DA:22,0
DA:24,0
LF:11
LH:2
end_of_record
